# JRE version: Java(TM) SE Runtime Environment (8.0_91-b15) (build 1.8.0_91-b15)
# Java VM: Java HotSpot(TM) 64-Bit Server VM (25.91-b15 mixed mode windows-amd64 compressed oops)
Heap:
 PSYoungGen      total 75264K, used 35133K [0x000000076c580000, 0x0000000771980000, 0x00000007c0000000)
  eden space 64512K, 37% used [0x000000076c580000,0x000000076dd51000,0x0000000770480000)
  from space 10752K, 99% used [0x0000000770f00000,0x000000077197e550,0x0000000771980000)
  to   space 10752K, 0% used [0x0000000770480000,0x0000000770480000,0x0000000770f00000)
 ParOldGen       total 172032K, used 1833K [0x00000006c5000000, 0x00000006cf800000, 0x000000076c580000)
  object space 172032K, 1% used [0x00000006c5000000,0x00000006c51ca430,0x00000006cf800000)
 Metaspace       used 14085K, capacity 14418K, committed 14464K, reserved 1062912K
  class space    used 1762K, capacity 1915K, committed 1920K, reserved 1048576K
GC Heap History (4 events):
Event: 4.039 GC heap before
{Heap before GC invocations=1 (full 0):
 PSYoungGen      total 75264K, used 64512K [0x000000076c580000, 0x0000000771980000, 0x00000007c0000000)
  eden space 64512K, 100% used [0x000000076c580000,0x0000000770480000,0x0000000770480000)
  from space 10752K, 0% used [0x0000000770f00000,0x0000000770f00000,0x0000000771980000)
  to   space 10752K, 0% used [0x0000000770480000,0x0000000770480000,0x0000000770f00000)
 ParOldGen       total 172032K, used 0K [0x00000006c5000000, 0x00000006cf800000, 0x000000076c580000)
  object space 172032K, 0% used [0x00000006c5000000,0x00000006c5000000,0x00000006cf800000)
 Metaspace       used 13511K, capacity 13808K, committed 13952K, reserved 1060864K
  class space    used 1718K, capacity 1838K, committed 1920K, reserved 1048576K
Event: 4.049 GC heap after
Heap after GC invocations=1 (full 0):
 PSYoungGen      total 75264K, used 7919K [0x000000076c580000, 0x0000000771980000, 0x00000007c0000000)
  eden space 64512K, 0% used [0x000000076c580000,0x000000076c580000,0x0000000770480000)
  from space 10752K, 73% used [0x0000000770480000,0x0000000770c3bc68,0x0000000770f00000)
  to   space 10752K, 0% used [0x0000000770f00000,0x0000000770f00000,0x0000000771980000)
 ParOldGen       total 172032K, used 8K [0x00000006c5000000, 0x00000006cf800000, 0x000000076c580000)
  object space 172032K, 0% used [0x00000006c5000000,0x00000006c5002000,0x00000006cf800000)
 Metaspace       used 13511K, capacity 13808K, committed 13952K, reserved 1060864K
  class space    used 1718K, capacity 1838K, committed 1920K, reserved 1048576K
}
Event: 39.896 GC heap before
{Heap before GC invocations=2 (full 0):
 PSYoungGen      total 75264K, used 72431K [0x000000076c580000, 0x0000000771980000, 0x00000007c0000000)
  eden space 64512K, 100% used [0x000000076c580000,0x0000000770480000,0x0000000770480000)
  from space 10752K, 73% used [0x0000000770480000,0x0000000770c3bc68,0x0000000770f00000)
  to   space 10752K, 0% used [0x0000000770f00000,0x0000000770f00000,0x0000000771980000)
 ParOldGen       total 172032K, used 8K [0x00000006c5000000, 0x00000006cf800000, 0x000000076c580000)
  object space 172032K, 0% used [0x00000006c5000000,0x00000006c5002000,0x00000006cf800000)
 Metaspace       used 13877K, capacity 14194K, committed 14464K, reserved 1062912K
  class space    used 1750K, capacity 1883K, committed 1920K, reserved 1048576K
Event: 39.904 GC heap after
Heap after GC invocations=2 (full 0):
 PSYoungGen      total 75264K, used 10745K [0x000000076c580000, 0x0000000771980000, 0x00000007c0000000)
  eden space 64512K, 0% used [0x000000076c580000,0x000000076c580000,0x0000000770480000)
  from space 10752K, 99% used [0x0000000770f00000,0x000000077197e550,0x0000000771980000)
  to   space 10752K, 0% used [0x0000000770480000,0x0000000770480000,0x0000000770f00000)
 ParOldGen       total 172032K, used 1833K [0x00000006c5000000, 0x00000006cf800000, 0x000000076c580000)
  object space 172032K, 1% used [0x00000006c5000000,0x00000006c51ca430,0x00000006cf800000)
 Metaspace       used 13877K, capacity 14194K, committed 14464K, reserved 1062912K
  class space    used 1750K, capacity 1883K, committed 1920K, reserved 1048576K
}

